[a, 0, 0, 0]
[a, 0, 0, 0]
[a, 0, 0, 0]
[a, 0, 0, 0]
[a, 0, 0, 0.0]
[a, 12, 0, 0.0]
12 == a?[a, 0, 0, 0.0]
[a, 1, 0, 0.0]
[a, 1, 0, 0.0]
[a, 1, 25, 0.0]
[a, 1, 25, 0.0]
[a, 1, 26, 0.0]
[a, 1, 26, 0.0]
[a, 1, 0, 0.0]
[a, 1, a, 0.0]
[a, 1, a + 4, 0.0]
[a, 1, a + 4, 0.0]
[a, 1, a + 4, a + 4]
[b, 1, a + 4, a + 4]
[b, 0, a + 4, a + 4]
[b, a + 4, a + 4, a + 4]
[b, Mod(a + 4, 26), a + 4, a + 4]
[b, Mod(a + 4, 26), a + 4, a + 4]
[b, Mod(a + 4, 26) + 11, a + 4, a + 4]
Mod(a + 4, 26) + 11 == b?[b, 0, a + 4, a + 4]
[b, 1, a + 4, a + 4]
[b, 1, 0, a + 4]
[b, 1, 25, a + 4]
[b, 1, 25, a + 4]
[b, 1, 26, a + 4]
[b, 1, 26, 26*a + 104]
[b, 1, 0, 26*a + 104]
[b, 1, b, 26*a + 104]
[b, 1, b + 10, 26*a + 104]
[b, 1, b + 10, 26*a + 104]
[b, 1, b + 10, 26*a + b + 114]
[c, 1, b + 10, 26*a + b + 114]
[c, 0, b + 10, 26*a + b + 114]
[c, 26*a + b + 114, b + 10, 26*a + b + 114]
[c, Mod(26*a + b + 10, 26), b + 10, 26*a + b + 114]
[c, Mod(26*a + b + 10, 26), b + 10, 26*a + b + 114]
[c, Mod(26*a + b + 10, 26) + 14, b + 10, 26*a + b + 114]
Mod(26*a + b + 10, 26) + 14 == c?[c, 0, b + 10, 26*a + b + 114]
[c, 1, b + 10, 26*a + b + 114]
[c, 1, 0, 26*a + b + 114]
[c, 1, 25, 26*a + b + 114]
[c, 1, 25, 26*a + b + 114]
[c, 1, 26, 26*a + b + 114]
[c, 1, 26, 676*a + 26*b + 2964]
[c, 1, 0, 676*a + 26*b + 2964]
[c, 1, c, 676*a + 26*b + 2964]
[c, 1, c + 12, 676*a + 26*b + 2964]
[c, 1, c + 12, 676*a + 26*b + 2964]
[c, 1, c + 12, 676*a + 26*b + c + 2976]
[d, 1, c + 12, 676*a + 26*b + c + 2976]
[d, 0, c + 12, 676*a + 26*b + c + 2976]
[d, 676*a + 26*b + c + 2976, c + 12, 676*a + 26*b + c + 2976]
[d, Mod(676*a + 26*b + c + 12, 26), c + 12, 676*a + 26*b + c + 2976]
[d, Mod(676*a + 26*b + c + 12, 26), c + 12, 26*a + b + c/26 + 1488/13]
[d, Mod(676*a + 26*b + c + 12, 26) - 6, c + 12, 26*a + b + c/26 + 1488/13]
Mod(676*a + 26*b + c + 12, 26) - 6 == d?[d, 0, c + 12, 26*a + b + c/26 + 1488/13]
[d, 1, c + 12, 26*a + b + c/26 + 1488/13]
[d, 1, 0, 26*a + b + c/26 + 1488/13]
[d, 1, 25, 26*a + b + c/26 + 1488/13]
[d, 1, 25, 26*a + b + c/26 + 1488/13]
[d, 1, 26, 26*a + b + c/26 + 1488/13]
[d, 1, 26, 676*a + 26*b + c + 2976]
[d, 1, 0, 676*a + 26*b + c + 2976]
[d, 1, d, 676*a + 26*b + c + 2976]
[d, 1, d + 14, 676*a + 26*b + c + 2976]
[d, 1, d + 14, 676*a + 26*b + c + 2976]
[d, 1, d + 14, 676*a + 26*b + c + d + 2990]
[e, 1, d + 14, 676*a + 26*b + c + d + 2990]
[e, 0, d + 14, 676*a + 26*b + c + d + 2990]
[e, 676*a + 26*b + c + d + 2990, d + 14, 676*a + 26*b + c + d + 2990]
[e, Mod(676*a + 26*b + c + d, 26), d + 14, 676*a + 26*b + c + d + 2990]
[e, Mod(676*a + 26*b + c + d, 26), d + 14, 676*a + 26*b + c + d + 2990]
[e, Mod(676*a + 26*b + c + d, 26) + 15, d + 14, 676*a + 26*b + c + d + 2990]
Mod(676*a + 26*b + c + d, 26) + 15 == e?[e, 0, d + 14, 676*a + 26*b + c + d + 2990]
[e, 1, d + 14, 676*a + 26*b + c + d + 2990]
[e, 1, 0, 676*a + 26*b + c + d + 2990]
[e, 1, 25, 676*a + 26*b + c + d + 2990]
[e, 1, 25, 676*a + 26*b + c + d + 2990]
[e, 1, 26, 676*a + 26*b + c + d + 2990]
[e, 1, 26, 17576*a + 676*b + 26*c + 26*d + 77740]
[e, 1, 0, 17576*a + 676*b + 26*c + 26*d + 77740]
[e, 1, e, 17576*a + 676*b + 26*c + 26*d + 77740]
[e, 1, e + 6, 17576*a + 676*b + 26*c + 26*d + 77740]
[e, 1, e + 6, 17576*a + 676*b + 26*c + 26*d + 77740]
[e, 1, e + 6, 17576*a + 676*b + 26*c + 26*d + e + 77746]
[f, 1, e + 6, 17576*a + 676*b + 26*c + 26*d + e + 77746]
[f, 0, e + 6, 17576*a + 676*b + 26*c + 26*d + e + 77746]
[f, 17576*a + 676*b + 26*c + 26*d + e + 77746, e + 6, 17576*a + 676*b + 26*c + 26*d + e + 77746]
[f, Mod(17576*a + 676*b + 26*c + 26*d + e + 6, 26), e + 6, 17576*a + 676*b + 26*c + 26*d + e + 77746]
[f, Mod(17576*a + 676*b + 26*c + 26*d + e + 6, 26), e + 6, 17576*a + 676*b + 26*c + 26*d + e + 77746]
[f, Mod(17576*a + 676*b + 26*c + 26*d + e + 6, 26) + 12, e + 6, 17576*a + 676*b + 26*c + 26*d + e + 77746]
Mod(17576*a + 676*b + 26*c + 26*d + e + 6, 26) + 12 == f?[f, 0, e + 6, 17576*a + 676*b + 26*c + 26*d + e + 77746]
[f, 1, e + 6, 17576*a + 676*b + 26*c + 26*d + e + 77746]
[f, 1, 0, 17576*a + 676*b + 26*c + 26*d + e + 77746]
[f, 1, 25, 17576*a + 676*b + 26*c + 26*d + e + 77746]
[f, 1, 25, 17576*a + 676*b + 26*c + 26*d + e + 77746]
[f, 1, 26, 17576*a + 676*b + 26*c + 26*d + e + 77746]
[f, 1, 26, 456976*a + 17576*b + 676*c + 676*d + 26*e + 2021396]
[f, 1, 0, 456976*a + 17576*b + 676*c + 676*d + 26*e + 2021396]
[f, 1, f, 456976*a + 17576*b + 676*c + 676*d + 26*e + 2021396]
[f, 1, f + 16, 456976*a + 17576*b + 676*c + 676*d + 26*e + 2021396]
[f, 1, f + 16, 456976*a + 17576*b + 676*c + 676*d + 26*e + 2021396]
[f, 1, f + 16, 456976*a + 17576*b + 676*c + 676*d + 26*e + f + 2021412]
[g, 1, f + 16, 456976*a + 17576*b + 676*c + 676*d + 26*e + f + 2021412]
[g, 0, f + 16, 456976*a + 17576*b + 676*c + 676*d + 26*e + f + 2021412]
[g, 456976*a + 17576*b + 676*c + 676*d + 26*e + f + 2021412, f + 16, 456976*a + 17576*b + 676*c + 676*d + 26*e + f + 2021412]
[g, Mod(456976*a + 17576*b + 676*c + 676*d + 26*e + f + 16, 26), f + 16, 456976*a + 17576*b + 676*c + 676*d + 26*e + f + 2021412]
[g, Mod(456976*a + 17576*b + 676*c + 676*d + 26*e + f + 16, 26), f + 16, 17576*a + 676*b + 26*c + 26*d + e + f/26 + 1010706/13]
[g, Mod(456976*a + 17576*b + 676*c + 676*d + 26*e + f + 16, 26) - 9, f + 16, 17576*a + 676*b + 26*c + 26*d + e + f/26 + 1010706/13]
Mod(456976*a + 17576*b + 676*c + 676*d + 26*e + f + 16, 26) - 9 == g?[g, 0, f + 16, 17576*a + 676*b + 26*c + 26*d + e + f/26 + 1010706/13]
[g, 1, f + 16, 17576*a + 676*b + 26*c + 26*d + e + f/26 + 1010706/13]
[g, 1, 0, 17576*a + 676*b + 26*c + 26*d + e + f/26 + 1010706/13]
[g, 1, 25, 17576*a + 676*b + 26*c + 26*d + e + f/26 + 1010706/13]
[g, 1, 25, 17576*a + 676*b + 26*c + 26*d + e + f/26 + 1010706/13]
[g, 1, 26, 17576*a + 676*b + 26*c + 26*d + e + f/26 + 1010706/13]
[g, 1, 26, 456976*a + 17576*b + 676*c + 676*d + 26*e + f + 2021412]
[g, 1, 0, 456976*a + 17576*b + 676*c + 676*d + 26*e + f + 2021412]
[g, 1, g, 456976*a + 17576*b + 676*c + 676*d + 26*e + f + 2021412]
[g, 1, g + 1, 456976*a + 17576*b + 676*c + 676*d + 26*e + f + 2021412]
[g, 1, g + 1, 456976*a + 17576*b + 676*c + 676*d + 26*e + f + 2021412]
[g, 1, g + 1, 456976*a + 17576*b + 676*c + 676*d + 26*e + f + g + 2021413]
[h, 1, g + 1, 456976*a + 17576*b + 676*c + 676*d + 26*e + f + g + 2021413]
[h, 0, g + 1, 456976*a + 17576*b + 676*c + 676*d + 26*e + f + g + 2021413]
[h, 456976*a + 17576*b + 676*c + 676*d + 26*e + f + g + 2021413, g + 1, 456976*a + 17576*b + 676*c + 676*d + 26*e + f + g + 2021413]
[h, Mod(456976*a + 17576*b + 676*c + 676*d + 26*e + f + g + 17, 26), g + 1, 456976*a + 17576*b + 676*c + 676*d + 26*e + f + g + 2021413]
[h, Mod(456976*a + 17576*b + 676*c + 676*d + 26*e + f + g + 17, 26), g + 1, 456976*a + 17576*b + 676*c + 676*d + 26*e + f + g + 2021413]
[h, Mod(456976*a + 17576*b + 676*c + 676*d + 26*e + f + g + 17, 26) + 14, g + 1, 456976*a + 17576*b + 676*c + 676*d + 26*e + f + g + 2021413]
Mod(456976*a + 17576*b + 676*c + 676*d + 26*e + f + g + 17, 26) + 14 == h?[h, 0, g + 1, 456976*a + 17576*b + 676*c + 676*d + 26*e + f + g + 2021413]
[h, 1, g + 1, 456976*a + 17576*b + 676*c + 676*d + 26*e + f + g + 2021413]
[h, 1, 0, 456976*a + 17576*b + 676*c + 676*d + 26*e + f + g + 2021413]
[h, 1, 25, 456976*a + 17576*b + 676*c + 676*d + 26*e + f + g + 2021413]
[h, 1, 25, 456976*a + 17576*b + 676*c + 676*d + 26*e + f + g + 2021413]
[h, 1, 26, 456976*a + 17576*b + 676*c + 676*d + 26*e + f + g + 2021413]
[h, 1, 26, 11881376*a + 456976*b + 17576*c + 17576*d + 676*e + 26*f + 26*g + 52556738]
[h, 1, 0, 11881376*a + 456976*b + 17576*c + 17576*d + 676*e + 26*f + 26*g + 52556738]
[h, 1, h, 11881376*a + 456976*b + 17576*c + 17576*d + 676*e + 26*f + 26*g + 52556738]
[h, 1, h + 7, 11881376*a + 456976*b + 17576*c + 17576*d + 676*e + 26*f + 26*g + 52556738]
[h, 1, h + 7, 11881376*a + 456976*b + 17576*c + 17576*d + 676*e + 26*f + 26*g + 52556738]
[h, 1, h + 7, 11881376*a + 456976*b + 17576*c + 17576*d + 676*e + 26*f + 26*g + h + 52556745]
[i, 1, h + 7, 11881376*a + 456976*b + 17576*c + 17576*d + 676*e + 26*f + 26*g + h + 52556745]
[i, 0, h + 7, 11881376*a + 456976*b + 17576*c + 17576*d + 676*e + 26*f + 26*g + h + 52556745]
[i, 11881376*a + 456976*b + 17576*c + 17576*d + 676*e + 26*f + 26*g + h + 52556745, h + 7, 11881376*a + 456976*b + 17576*c + 17576*d + 676*e + 26*f + 26*g + h + 52556745]
[i, Mod(11881376*a + 456976*b + 17576*c + 17576*d + 676*e + 26*f + 26*g + h + 7, 26), h + 7, 11881376*a + 456976*b + 17576*c + 17576*d + 676*e + 26*f + 26*g + h + 52556745]
[i, Mod(11881376*a + 456976*b + 17576*c + 17576*d + 676*e + 26*f + 26*g + h + 7, 26), h + 7, 11881376*a + 456976*b + 17576*c + 17576*d + 676*e + 26*f + 26*g + h + 52556745]
[i, Mod(11881376*a + 456976*b + 17576*c + 17576*d + 676*e + 26*f + 26*g + h + 7, 26) + 14, h + 7, 11881376*a + 456976*b + 17576*c + 17576*d + 676*e + 26*f + 26*g + h + 52556745]
Mod(11881376*a + 456976*b + 17576*c + 17576*d + 676*e + 26*f + 26*g + h + 7, 26) + 14 == i?[i, 0, h + 7, 11881376*a + 456976*b + 17576*c + 17576*d + 676*e + 26*f + 26*g + h + 52556745]
[i, 1, h + 7, 11881376*a + 456976*b + 17576*c + 17576*d + 676*e + 26*f + 26*g + h + 52556745]
[i, 1, 0, 11881376*a + 456976*b + 17576*c + 17576*d + 676*e + 26*f + 26*g + h + 52556745]
[i, 1, 25, 11881376*a + 456976*b + 17576*c + 17576*d + 676*e + 26*f + 26*g + h + 52556745]
[i, 1, 25, 11881376*a + 456976*b + 17576*c + 17576*d + 676*e + 26*f + 26*g + h + 52556745]
[i, 1, 26, 11881376*a + 456976*b + 17576*c + 17576*d + 676*e + 26*f + 26*g + h + 52556745]
[i, 1, 26, 308915776*a + 11881376*b + 456976*c + 456976*d + 17576*e + 676*f + 676*g + 26*h + 1366475370]
[i, 1, 0, 308915776*a + 11881376*b + 456976*c + 456976*d + 17576*e + 676*f + 676*g + 26*h + 1366475370]
[i, 1, i, 308915776*a + 11881376*b + 456976*c + 456976*d + 17576*e + 676*f + 676*g + 26*h + 1366475370]
[i, 1, i + 8, 308915776*a + 11881376*b + 456976*c + 456976*d + 17576*e + 676*f + 676*g + 26*h + 1366475370]
[i, 1, i + 8, 308915776*a + 11881376*b + 456976*c + 456976*d + 17576*e + 676*f + 676*g + 26*h + 1366475370]
[i, 1, i + 8, 308915776*a + 11881376*b + 456976*c + 456976*d + 17576*e + 676*f + 676*g + 26*h + i + 1366475378]
[j, 1, i + 8, 308915776*a + 11881376*b + 456976*c + 456976*d + 17576*e + 676*f + 676*g + 26*h + i + 1366475378]
[j, 0, i + 8, 308915776*a + 11881376*b + 456976*c + 456976*d + 17576*e + 676*f + 676*g + 26*h + i + 1366475378]
[j, 308915776*a + 11881376*b + 456976*c + 456976*d + 17576*e + 676*f + 676*g + 26*h + i + 1366475378, i + 8, 308915776*a + 11881376*b + 456976*c + 456976*d + 17576*e + 676*f + 676*g + 26*h + i + 1366475378]
[j, Mod(308915776*a + 11881376*b + 456976*c + 456976*d + 17576*e + 676*f + 676*g + 26*h + i + 8, 26), i + 8, 308915776*a + 11881376*b + 456976*c + 456976*d + 17576*e + 676*f + 676*g + 26*h + i + 1366475378]
[j, Mod(308915776*a + 11881376*b + 456976*c + 456976*d + 17576*e + 676*f + 676*g + 26*h + i + 8, 26), i + 8, 11881376*a + 456976*b + 17576*c + 17576*d + 676*e + 26*f + 26*g + h + i/26 + 683237689/13]
[j, Mod(308915776*a + 11881376*b + 456976*c + 456976*d + 17576*e + 676*f + 676*g + 26*h + i + 8, 26) - 5, i + 8, 11881376*a + 456976*b + 17576*c + 17576*d + 676*e + 26*f + 26*g + h + i/26 + 683237689/13]
Mod(308915776*a + 11881376*b + 456976*c + 456976*d + 17576*e + 676*f + 676*g + 26*h + i + 8, 26) - 5 == j?[j, 0, i + 8, 11881376*a + 456976*b + 17576*c + 17576*d + 676*e + 26*f + 26*g + h + i/26 + 683237689/13]
[j, 1, i + 8, 11881376*a + 456976*b + 17576*c + 17576*d + 676*e + 26*f + 26*g + h + i/26 + 683237689/13]
[j, 1, 0, 11881376*a + 456976*b + 17576*c + 17576*d + 676*e + 26*f + 26*g + h + i/26 + 683237689/13]
[j, 1, 25, 11881376*a + 456976*b + 17576*c + 17576*d + 676*e + 26*f + 26*g + h + i/26 + 683237689/13]
[j, 1, 25, 11881376*a + 456976*b + 17576*c + 17576*d + 676*e + 26*f + 26*g + h + i/26 + 683237689/13]
[j, 1, 26, 11881376*a + 456976*b + 17576*c + 17576*d + 676*e + 26*f + 26*g + h + i/26 + 683237689/13]
[j, 1, 26, 308915776*a + 11881376*b + 456976*c + 456976*d + 17576*e + 676*f + 676*g + 26*h + i + 1366475378]
[j, 1, 0, 308915776*a + 11881376*b + 456976*c + 456976*d + 17576*e + 676*f + 676*g + 26*h + i + 1366475378]
[j, 1, j, 308915776*a + 11881376*b + 456976*c + 456976*d + 17576*e + 676*f + 676*g + 26*h + i + 1366475378]
[j, 1, j + 11, 308915776*a + 11881376*b + 456976*c + 456976*d + 17576*e + 676*f + 676*g + 26*h + i + 1366475378]
[j, 1, j + 11, 308915776*a + 11881376*b + 456976*c + 456976*d + 17576*e + 676*f + 676*g + 26*h + i + 1366475378]
[j, 1, j + 11, 308915776*a + 11881376*b + 456976*c + 456976*d + 17576*e + 676*f + 676*g + 26*h + i + j + 1366475389]
[k, 1, j + 11, 308915776*a + 11881376*b + 456976*c + 456976*d + 17576*e + 676*f + 676*g + 26*h + i + j + 1366475389]
[k, 0, j + 11, 308915776*a + 11881376*b + 456976*c + 456976*d + 17576*e + 676*f + 676*g + 26*h + i + j + 1366475389]
[k, 308915776*a + 11881376*b + 456976*c + 456976*d + 17576*e + 676*f + 676*g + 26*h + i + j + 1366475389, j + 11, 308915776*a + 11881376*b + 456976*c + 456976*d + 17576*e + 676*f + 676*g + 26*h + i + j + 1366475389]
[k, Mod(308915776*a + 11881376*b + 456976*c + 456976*d + 17576*e + 676*f + 676*g + 26*h + i + j + 19, 26), j + 11, 308915776*a + 11881376*b + 456976*c + 456976*d + 17576*e + 676*f + 676*g + 26*h + i + j + 1366475389]
[k, Mod(308915776*a + 11881376*b + 456976*c + 456976*d + 17576*e + 676*f + 676*g + 26*h + i + j + 19, 26), j + 11, 11881376*a + 456976*b + 17576*c + 17576*d + 676*e + 26*f + 26*g + h + i/26 + j/26 + 1366475389/26]
[k, Mod(308915776*a + 11881376*b + 456976*c + 456976*d + 17576*e + 676*f + 676*g + 26*h + i + j + 19, 26) - 9, j + 11, 11881376*a + 456976*b + 17576*c + 17576*d + 676*e + 26*f + 26*g + h + i/26 + j/26 + 1366475389/26]
Mod(308915776*a + 11881376*b + 456976*c + 456976*d + 17576*e + 676*f + 676*g + 26*h + i + j + 19, 26) - 9 == k?[k, 0, j + 11, 11881376*a + 456976*b + 17576*c + 17576*d + 676*e + 26*f + 26*g + h + i/26 + j/26 + 1366475389/26]
[k, 1, j + 11, 11881376*a + 456976*b + 17576*c + 17576*d + 676*e + 26*f + 26*g + h + i/26 + j/26 + 1366475389/26]
[k, 1, 0, 11881376*a + 456976*b + 17576*c + 17576*d + 676*e + 26*f + 26*g + h + i/26 + j/26 + 1366475389/26]
[k, 1, 25, 11881376*a + 456976*b + 17576*c + 17576*d + 676*e + 26*f + 26*g + h + i/26 + j/26 + 1366475389/26]
[k, 1, 25, 11881376*a + 456976*b + 17576*c + 17576*d + 676*e + 26*f + 26*g + h + i/26 + j/26 + 1366475389/26]
[k, 1, 26, 11881376*a + 456976*b + 17576*c + 17576*d + 676*e + 26*f + 26*g + h + i/26 + j/26 + 1366475389/26]
[k, 1, 26, 308915776*a + 11881376*b + 456976*c + 456976*d + 17576*e + 676*f + 676*g + 26*h + i + j + 1366475389]
[k, 1, 0, 308915776*a + 11881376*b + 456976*c + 456976*d + 17576*e + 676*f + 676*g + 26*h + i + j + 1366475389]
[k, 1, k, 308915776*a + 11881376*b + 456976*c + 456976*d + 17576*e + 676*f + 676*g + 26*h + i + j + 1366475389]
[k, 1, k + 8, 308915776*a + 11881376*b + 456976*c + 456976*d + 17576*e + 676*f + 676*g + 26*h + i + j + 1366475389]
[k, 1, k + 8, 308915776*a + 11881376*b + 456976*c + 456976*d + 17576*e + 676*f + 676*g + 26*h + i + j + 1366475389]
[k, 1, k + 8, 308915776*a + 11881376*b + 456976*c + 456976*d + 17576*e + 676*f + 676*g + 26*h + i + j + k + 1366475397]
[l, 1, k + 8, 308915776*a + 11881376*b + 456976*c + 456976*d + 17576*e + 676*f + 676*g + 26*h + i + j + k + 1366475397]
[l, 0, k + 8, 308915776*a + 11881376*b + 456976*c + 456976*d + 17576*e + 676*f + 676*g + 26*h + i + j + k + 1366475397]
[l, 308915776*a + 11881376*b + 456976*c + 456976*d + 17576*e + 676*f + 676*g + 26*h + i + j + k + 1366475397, k + 8, 308915776*a + 11881376*b + 456976*c + 456976*d + 17576*e + 676*f + 676*g + 26*h + i + j + k + 1366475397]
[l, Mod(308915776*a + 11881376*b + 456976*c + 456976*d + 17576*e + 676*f + 676*g + 26*h + i + j + k + 1, 26), k + 8, 308915776*a + 11881376*b + 456976*c + 456976*d + 17576*e + 676*f + 676*g + 26*h + i + j + k + 1366475397]
[l, Mod(308915776*a + 11881376*b + 456976*c + 456976*d + 17576*e + 676*f + 676*g + 26*h + i + j + k + 1, 26), k + 8, 11881376*a + 456976*b + 17576*c + 17576*d + 676*e + 26*f + 26*g + h + i/26 + j/26 + k/26 + 1366475397/26]
[l, Mod(308915776*a + 11881376*b + 456976*c + 456976*d + 17576*e + 676*f + 676*g + 26*h + i + j + k + 1, 26) - 5, k + 8, 11881376*a + 456976*b + 17576*c + 17576*d + 676*e + 26*f + 26*g + h + i/26 + j/26 + k/26 + 1366475397/26]
Mod(308915776*a + 11881376*b + 456976*c + 456976*d + 17576*e + 676*f + 676*g + 26*h + i + j + k + 1, 26) - 5 == l?[l, 0, k + 8, 11881376*a + 456976*b + 17576*c + 17576*d + 676*e + 26*f + 26*g + h + i/26 + j/26 + k/26 + 1366475397/26]
[l, 1, k + 8, 11881376*a + 456976*b + 17576*c + 17576*d + 676*e + 26*f + 26*g + h + i/26 + j/26 + k/26 + 1366475397/26]
[l, 1, 0, 11881376*a + 456976*b + 17576*c + 17576*d + 676*e + 26*f + 26*g + h + i/26 + j/26 + k/26 + 1366475397/26]
[l, 1, 25, 11881376*a + 456976*b + 17576*c + 17576*d + 676*e + 26*f + 26*g + h + i/26 + j/26 + k/26 + 1366475397/26]
[l, 1, 25, 11881376*a + 456976*b + 17576*c + 17576*d + 676*e + 26*f + 26*g + h + i/26 + j/26 + k/26 + 1366475397/26]
[l, 1, 26, 11881376*a + 456976*b + 17576*c + 17576*d + 676*e + 26*f + 26*g + h + i/26 + j/26 + k/26 + 1366475397/26]
[l, 1, 26, 308915776*a + 11881376*b + 456976*c + 456976*d + 17576*e + 676*f + 676*g + 26*h + i + j + k + 1366475397]
[l, 1, 0, 308915776*a + 11881376*b + 456976*c + 456976*d + 17576*e + 676*f + 676*g + 26*h + i + j + k + 1366475397]
[l, 1, l, 308915776*a + 11881376*b + 456976*c + 456976*d + 17576*e + 676*f + 676*g + 26*h + i + j + k + 1366475397]
[l, 1, l + 3, 308915776*a + 11881376*b + 456976*c + 456976*d + 17576*e + 676*f + 676*g + 26*h + i + j + k + 1366475397]
[l, 1, l + 3, 308915776*a + 11881376*b + 456976*c + 456976*d + 17576*e + 676*f + 676*g + 26*h + i + j + k + 1366475397]
[l, 1, l + 3, 308915776*a + 11881376*b + 456976*c + 456976*d + 17576*e + 676*f + 676*g + 26*h + i + j + k + l + 1366475400]
[m, 1, l + 3, 308915776*a + 11881376*b + 456976*c + 456976*d + 17576*e + 676*f + 676*g + 26*h + i + j + k + l + 1366475400]
[m, 0, l + 3, 308915776*a + 11881376*b + 456976*c + 456976*d + 17576*e + 676*f + 676*g + 26*h + i + j + k + l + 1366475400]
[m, 308915776*a + 11881376*b + 456976*c + 456976*d + 17576*e + 676*f + 676*g + 26*h + i + j + k + l + 1366475400, l + 3, 308915776*a + 11881376*b + 456976*c + 456976*d + 17576*e + 676*f + 676*g + 26*h + i + j + k + l + 1366475400]
[m, Mod(308915776*a + 11881376*b + 456976*c + 456976*d + 17576*e + 676*f + 676*g + 26*h + i + j + k + l + 4, 26), l + 3, 308915776*a + 11881376*b + 456976*c + 456976*d + 17576*e + 676*f + 676*g + 26*h + i + j + k + l + 1366475400]
[m, Mod(308915776*a + 11881376*b + 456976*c + 456976*d + 17576*e + 676*f + 676*g + 26*h + i + j + k + l + 4, 26), l + 3, 11881376*a + 456976*b + 17576*c + 17576*d + 676*e + 26*f + 26*g + h + i/26 + j/26 + k/26 + l/26 + 683237700/13]
[m, Mod(308915776*a + 11881376*b + 456976*c + 456976*d + 17576*e + 676*f + 676*g + 26*h + i + j + k + l + 4, 26) - 2, l + 3, 11881376*a + 456976*b + 17576*c + 17576*d + 676*e + 26*f + 26*g + h + i/26 + j/26 + k/26 + l/26 + 683237700/13]
Mod(308915776*a + 11881376*b + 456976*c + 456976*d + 17576*e + 676*f + 676*g + 26*h + i + j + k + l + 4, 26) - 2 == m?[m, 0, l + 3, 11881376*a + 456976*b + 17576*c + 17576*d + 676*e + 26*f + 26*g + h + i/26 + j/26 + k/26 + l/26 + 683237700/13]
[m, 1, l + 3, 11881376*a + 456976*b + 17576*c + 17576*d + 676*e + 26*f + 26*g + h + i/26 + j/26 + k/26 + l/26 + 683237700/13]
[m, 1, 0, 11881376*a + 456976*b + 17576*c + 17576*d + 676*e + 26*f + 26*g + h + i/26 + j/26 + k/26 + l/26 + 683237700/13]
[m, 1, 25, 11881376*a + 456976*b + 17576*c + 17576*d + 676*e + 26*f + 26*g + h + i/26 + j/26 + k/26 + l/26 + 683237700/13]
[m, 1, 25, 11881376*a + 456976*b + 17576*c + 17576*d + 676*e + 26*f + 26*g + h + i/26 + j/26 + k/26 + l/26 + 683237700/13]
[m, 1, 26, 11881376*a + 456976*b + 17576*c + 17576*d + 676*e + 26*f + 26*g + h + i/26 + j/26 + k/26 + l/26 + 683237700/13]
[m, 1, 26, 308915776*a + 11881376*b + 456976*c + 456976*d + 17576*e + 676*f + 676*g + 26*h + i + j + k + l + 1366475400]
[m, 1, 0, 308915776*a + 11881376*b + 456976*c + 456976*d + 17576*e + 676*f + 676*g + 26*h + i + j + k + l + 1366475400]
[m, 1, m, 308915776*a + 11881376*b + 456976*c + 456976*d + 17576*e + 676*f + 676*g + 26*h + i + j + k + l + 1366475400]
[m, 1, m + 1, 308915776*a + 11881376*b + 456976*c + 456976*d + 17576*e + 676*f + 676*g + 26*h + i + j + k + l + 1366475400]
[m, 1, m + 1, 308915776*a + 11881376*b + 456976*c + 456976*d + 17576*e + 676*f + 676*g + 26*h + i + j + k + l + 1366475400]
[m, 1, m + 1, 308915776*a + 11881376*b + 456976*c + 456976*d + 17576*e + 676*f + 676*g + 26*h + i + j + k + l + m + 1366475401]
[n, 1, m + 1, 308915776*a + 11881376*b + 456976*c + 456976*d + 17576*e + 676*f + 676*g + 26*h + i + j + k + l + m + 1366475401]
[n, 0, m + 1, 308915776*a + 11881376*b + 456976*c + 456976*d + 17576*e + 676*f + 676*g + 26*h + i + j + k + l + m + 1366475401]
[n, 308915776*a + 11881376*b + 456976*c + 456976*d + 17576*e + 676*f + 676*g + 26*h + i + j + k + l + m + 1366475401, m + 1, 308915776*a + 11881376*b + 456976*c + 456976*d + 17576*e + 676*f + 676*g + 26*h + i + j + k + l + m + 1366475401]
[n, Mod(308915776*a + 11881376*b + 456976*c + 456976*d + 17576*e + 676*f + 676*g + 26*h + i + j + k + l + m + 5, 26), m + 1, 308915776*a + 11881376*b + 456976*c + 456976*d + 17576*e + 676*f + 676*g + 26*h + i + j + k + l + m + 1366475401]
[n, Mod(308915776*a + 11881376*b + 456976*c + 456976*d + 17576*e + 676*f + 676*g + 26*h + i + j + k + l + m + 5, 26), m + 1, 11881376*a + 456976*b + 17576*c + 17576*d + 676*e + 26*f + 26*g + h + i/26 + j/26 + k/26 + l/26 + m/26 + 1366475401/26]
[n, Mod(308915776*a + 11881376*b + 456976*c + 456976*d + 17576*e + 676*f + 676*g + 26*h + i + j + k + l + m + 5, 26) - 7, m + 1, 11881376*a + 456976*b + 17576*c + 17576*d + 676*e + 26*f + 26*g + h + i/26 + j/26 + k/26 + l/26 + m/26 + 1366475401/26]
Mod(308915776*a + 11881376*b + 456976*c + 456976*d + 17576*e + 676*f + 676*g + 26*h + i + j + k + l + m + 5, 26) - 7 == n?[n, 0, m + 1, 11881376*a + 456976*b + 17576*c + 17576*d + 676*e + 26*f + 26*g + h + i/26 + j/26 + k/26 + l/26 + m/26 + 1366475401/26]
[n, 1, m + 1, 11881376*a + 456976*b + 17576*c + 17576*d + 676*e + 26*f + 26*g + h + i/26 + j/26 + k/26 + l/26 + m/26 + 1366475401/26]
[n, 1, 0, 11881376*a + 456976*b + 17576*c + 17576*d + 676*e + 26*f + 26*g + h + i/26 + j/26 + k/26 + l/26 + m/26 + 1366475401/26]
[n, 1, 25, 11881376*a + 456976*b + 17576*c + 17576*d + 676*e + 26*f + 26*g + h + i/26 + j/26 + k/26 + l/26 + m/26 + 1366475401/26]
[n, 1, 25, 11881376*a + 456976*b + 17576*c + 17576*d + 676*e + 26*f + 26*g + h + i/26 + j/26 + k/26 + l/26 + m/26 + 1366475401/26]
[n, 1, 26, 11881376*a + 456976*b + 17576*c + 17576*d + 676*e + 26*f + 26*g + h + i/26 + j/26 + k/26 + l/26 + m/26 + 1366475401/26]
[n, 1, 26, 308915776*a + 11881376*b + 456976*c + 456976*d + 17576*e + 676*f + 676*g + 26*h + i + j + k + l + m + 1366475401]
[n, 1, 0, 308915776*a + 11881376*b + 456976*c + 456976*d + 17576*e + 676*f + 676*g + 26*h + i + j + k + l + m + 1366475401]
[n, 1, n, 308915776*a + 11881376*b + 456976*c + 456976*d + 17576*e + 676*f + 676*g + 26*h + i + j + k + l + m + 1366475401]
[n, 1, n + 8, 308915776*a + 11881376*b + 456976*c + 456976*d + 17576*e + 676*f + 676*g + 26*h + i + j + k + l + m + 1366475401]
[n, 1, n + 8, 308915776*a + 11881376*b + 456976*c + 456976*d + 17576*e + 676*f + 676*g + 26*h + i + j + k + l + m + 1366475401]
[n, 1, n + 8, 308915776*a + 11881376*b + 456976*c + 456976*d + 17576*e + 676*f + 676*g + 26*h + i + j + k + l + m + n + 1366475409]
